PS C:\Users\ASSETOU DIARRA\Desktop\HEDERA2\Santekene\mobile_app> flutter build apk --debug
Support for Android x86 targets will be removed in the next stable release after 3.27. See
https://github.com/flutter/flutter/issues/157543 for details.
lib/features/community/screens/community_list_screen.dart:271:23: Error: Too many positional arguments: 0 allowed, but 6 found.
Try removing the extra positional arguments.
        child: Padding(
                      ^
/C:/rsc/flutter/packages/flutter/lib/src/widgets/basic.dart:2163:9: Context: Found this candidate, but the arguments don't match. 
  const Padding({super.key, required this.padding, super.child});
        ^^^^^^^
Target kernel_snapshot_program failed: Exception


FAILURE: Build failed with an exception.

* What went wrong:
Execution failed for task ':app:compileFlutterBuildDebug'.
> Process 'command 'C:\rsc\flutter\bin\flutter.bat'' finished with non-zero exit value 1

* Try:
> Run with --stacktrace option to get the stack trace.
> Run with --info or --debug option to get more log output.
> Run with --scan to get full insights.
> Get more help at https://help.gradle.org.

BUILD FAILED in 2m 13s
Running Gradle task 'assembleDebug'...                            136,5s
Gradle task assembleDebug failed with exit code 1